2013/03/16 15:08:25 にビルドを開始しました。
     1>ノード 2 上のプロジェクト "C:\Users\Shigure\documents\visual studio 2012\Projects\Simulation_3D\Simulation_3D.vcxproj" (Build ターゲット)。
     1>ClCompile:
         C:\Program Files (x86)\Microsoft Visual Studio 11.0\VC\bin\CL.exe /c /I"C:\DxLib\プロジェクトに追加すべきファイル_VC用" /ZI /nologo /W3 /WX- /Od /Oy- /D _MBCS /Gm /EHsc /RTC1 /MTd /GS /fp:precise /Zc:wchar_t /Zc:forScope /Fo"Debug\\" /Fd"Debug\vc110.pdb" /Gd /TP /analyze- /errorReport:prompt Object.cpp Player.cpp
         Player.cpp
         Object.cpp
         コードを生成中...
       Link:
         C:\Program Files (x86)\Microsoft Visual Studio 11.0\VC\bin\link.exe /ERRORREPORT:PROMPT /OUT:"C:\Users\Shigure\documents\visual studio 2012\Projects\Simulation_3D\Debug\Simulation_3D.exe" /INCREMENTAL /NOLOGO /LIBPATH:"C:\DxLib\プロジェクトに追加すべきファイル_VC用" kernel32.lib user32.lib gdi32.lib winspool.lib comdlg32.lib advapi32.lib shell32.lib ole32.lib oleaut32.lib uuid.lib odbc32.lib odbccp32.lib /MANIFEST /MANIFESTUAC:"level='asInvoker' uiAccess='false'" /manifest:embed /DEBUG /PDB:"C:\Users\Shigure\documents\visual studio 2012\Projects\Simulation_3D\Debug\Simulation_3D.pdb" /TLBID:1 /DYNAMICBASE /NXCOMPAT /IMPLIB:"C:\Users\Shigure\documents\visual studio 2012\Projects\Simulation_3D\Debug\Simulation_3D.lib" /MACHINE:X86 /SAFESEH:NO Debug\BaseScene.obj
         Debug\BattleScene.obj
         Debug\Enemy.obj
         Debug\FileStream.obj
         Debug\main.obj
         Debug\Object.obj
         Debug\ObjectStatus.obj
         Debug\Player.obj
         Debug\Stage.obj
         Simulation_3D.vcxproj -> C:\Users\Shigure\documents\visual studio 2012\Projects\Simulation_3D\Debug\Simulation_3D.exe
     1>プロジェクト "C:\Users\Shigure\documents\visual studio 2012\Projects\Simulation_3D\Simulation_3D.vcxproj" (Build ターゲット) のビルドが完了しました。

ビルドに成功しました。

経過時間 00:00:17.12
